TN:
SF:src\components\Forms\Button\index.tsx
FN:12,Button
FNF:1
FNH:1
FNDA:4,Button
DA:13,4
LF:1
LH:1
BRF:0
BRH:0
end_of_record
TN:
SF:src\components\Forms\CategorySelectButton\index.tsx
FN:10,CategorySelectButton
FNF:1
FNH:1
FNDA:2,CategorySelectButton
DA:11,2
LF:1
LH:1
BRF:0
BRH:0
end_of_record
TN:
SF:src\components\Forms\Input\index.tsx
FN:10,(anonymous_0)
FNF:1
FNH:1
FNDA:5,(anonymous_0)
DA:10,2
DA:11,5
LF:2
LH:2
BRDA:10,0,0,4
BRF:1
BRH:1
end_of_record
TN:
SF:src\components\Forms\InputForm\index.tsx
FN:14,(anonymous_0)
FN:20,(anonymous_1)
FNF:2
FNH:2
FNDA:4,(anonymous_0)
FNDA:4,(anonymous_1)
DA:14,1
DA:15,4
DA:21,4
LF:3
LH:3
BRDA:29,0,0,4
BRDA:29,0,1,0
BRF:2
BRH:1
end_of_record
TN:
SF:src\components\Forms\TransactionTypeButton\index.tsx
FN:17,TransactionTypeButton
FNF:1
FNH:1
FNDA:4,TransactionTypeButton
DA:12,1
DA:23,4
LF:2
LH:2
BRF:0
BRH:0
end_of_record
TN:
SF:src\components\Header\index.tsx
FN:9,Header
FNF:1
FNH:1
FNDA:4,Header
DA:10,4
LF:1
LH:1
BRF:0
BRH:0
end_of_record
TN:
SF:src\components\HighlightCard\index.tsx
FN:18,HighlightCard
FNF:1
FNH:0
FNDA:0,HighlightCard
DA:12,0
DA:19,0
LF:2
LH:0
BRF:0
BRH:0
end_of_record
TN:
SF:src\components\HistoryCard\index.tsx
FN:11,HistoryCard
FNF:1
FNH:0
FNDA:0,HistoryCard
DA:12,0
LF:1
LH:0
BRF:0
BRH:0
end_of_record
TN:
SF:src\components\SignInSocialButton\index.tsx
FN:15,SignInSocialButton
FNF:1
FNH:0
FNDA:0,SignInSocialButton
DA:21,0
DA:23,0
LF:2
LH:0
BRDA:18,0,0,0
BRDA:25,1,0,0
BRDA:25,1,1,0
BRF:3
BRH:0
end_of_record
TN:
SF:src\components\TransactionCard\index.tsx
FN:25,TransactionCard
FN:27,(anonymous_1)
FN:31,(anonymous_2)
FNF:3
FNH:0
FNDA:0,TransactionCard
FNDA:0,(anonymous_1)
FNDA:0,(anonymous_2)
DA:26,0
DA:27,0
DA:29,0
DA:31,0
LF:4
LH:0
BRDA:37,0,0,0
BRDA:37,0,1,0
BRF:2
BRH:0
end_of_record
TN:
SF:src\hooks\auth.tsx
FN:47,(anonymous_0)
FN:52,signInWithGoogle
FN:85,signInWithApple
FN:116,logOutUser
FN:121,(anonymous_4)
FN:122,loadUser
FN:152,useAuth
FNF:7
FNH:5
FNDA:14,(anonymous_0)
FNDA:3,signInWithGoogle
FNDA:0,signInWithApple
FNDA:0,logOutUser
FNDA:3,(anonymous_4)
FNDA:3,loadUser
FNDA:15,useAuth
DA:45,2
DA:47,2
DA:48,14
DA:49,14
DA:50,14
DA:53,3
DA:55,3
DA:56,3
DA:62,3
DA:63,1
DA:70,1
DA:72,1
DA:74,1
DA:77,3
DA:79,0
DA:80,0
DA:81,0
DA:86,0
DA:88,0
DA:89,0
DA:96,0
DA:97,0
DA:104,0
DA:105,0
DA:106,0
DA:108,0
DA:111,0
DA:112,0
DA:117,0
DA:118,0
DA:121,14
DA:123,3
DA:124,3
DA:126,3
DA:127,0
DA:130,3
DA:133,3
DA:136,14
DA:153,15
DA:155,15
LF:40
LH:23
BRDA:62,0,0,1
BRDA:62,0,1,2
BRDA:96,1,0,0
BRDA:96,1,1,0
BRDA:124,2,0,0
BRDA:124,2,1,3
BRDA:126,3,0,0
BRDA:126,3,1,3
BRF:8
BRH:4
end_of_record
TN:
SF:src\routes\app.routes.tsx
FN:15,AppRoutes
FN:37,(anonymous_1)
FN:50,(anonymous_2)
FN:59,(anonymous_3)
FNF:4
FNH:0
FNDA:0,AppRoutes
FNDA:0,(anonymous_1)
FNDA:0,(anonymous_2)
FNDA:0,(anonymous_3)
DA:13,0
DA:16,0
DA:17,0
DA:19,0
DA:38,0
DA:51,0
DA:60,0
LF:7
LH:0
BRDA:19,0,0,0
BRDA:19,0,1,0
BRDA:27,1,0,0
BRDA:27,1,1,0
BRF:4
BRH:0
end_of_record
TN:
SF:src\routes\auth.routes.tsx
FN:8,AuthRoutes
FNF:1
FNH:0
FNDA:0,AuthRoutes
DA:6,0
DA:9,0
LF:2
LH:0
BRF:0
BRH:0
end_of_record
TN:
SF:src\screens\CategorySelect\index.tsx
FN:21,CategorySelect
FN:22,handleSelectCategory
FN:30,handleCloseCategorySelect
FN:47,(anonymous_3)
FN:48,(anonymous_4)
FN:49,(anonymous_5)
FN:52,(anonymous_6)
FNF:7
FNH:4
FNDA:2,CategorySelect
FNDA:0,handleSelectCategory
FNDA:0,handleCloseCategorySelect
FNDA:12,(anonymous_3)
FNDA:10,(anonymous_4)
FNDA:12,(anonymous_5)
FNDA:0,(anonymous_6)
DA:23,0
DA:31,0
DA:32,0
DA:34,0
DA:37,0
DA:40,2
DA:47,12
DA:48,10
DA:50,12
DA:52,0
LF:10
LH:4
BRDA:24,0,0,0
BRDA:24,0,1,0
BRDA:31,1,0,0
BRDA:31,1,1,0
BRF:4
BRH:0
end_of_record
TN:
SF:src\screens\Dashboard\index.tsx
FN:38,(anonymous_0)
FN:47,getLastTransactionDate
FN:52,(anonymous_2)
FN:60,(anonymous_3)
FN:61,(anonymous_4)
FN:74,mountTransactionData
FN:78,(anonymous_6)
FN:150,loadTransactions
FN:169,removeTransaction
FN:174,(anonymous_9)
FN:189,(anonymous_10)
FN:218,(anonymous_11)
FN:275,(anonymous_12)
FN:276,(anonymous_13)
FNF:14
FNH:0
FNDA:0,(anonymous_0)
FNDA:0,getLastTransactionDate
FNDA:0,(anonymous_2)
FNDA:0,(anonymous_3)
FNDA:0,(anonymous_4)
FNDA:0,mountTransactionData
FNDA:0,(anonymous_6)
FNDA:0,loadTransactions
FNDA:0,removeTransaction
FNDA:0,(anonymous_9)
FNDA:0,(anonymous_10)
FNDA:0,(anonymous_11)
FNDA:0,(anonymous_12)
FNDA:0,(anonymous_13)
DA:38,0
DA:39,0
DA:40,0
DA:41,0
DA:42,0
DA:43,0
DA:51,0
DA:52,0
DA:55,0
DA:56,0
DA:60,0
DA:61,0
DA:65,0
DA:71,0
DA:75,0
DA:76,0
DA:78,0
DA:79,0
DA:80,0
DA:83,0
DA:84,0
DA:87,0
DA:104,0
DA:106,0
DA:110,0
DA:114,0
DA:118,0
DA:151,0
DA:154,0
DA:156,0
DA:158,0
DA:160,0
DA:161,0
DA:163,0
DA:165,0
DA:170,0
DA:171,0
DA:175,0
DA:177,0
DA:181,0
DA:185,0
DA:186,0
DA:189,0
DA:191,0
DA:196,0
DA:198,0
DA:199,0
DA:201,0
DA:211,0
DA:213,0
DA:217,0
DA:219,0
DA:223,0
DA:275,0
DA:277,0
LF:55
LH:0
BRDA:55,0,0,0
BRDA:55,0,1,0
BRDA:79,1,0,0
BRDA:79,1,1,0
BRDA:83,2,0,0
BRDA:83,2,1,0
BRDA:95,3,0,0
BRDA:95,3,1,0
BRDA:114,4,0,0
BRDA:114,4,1,0
BRDA:126,5,0,0
BRDA:126,5,1,0
BRDA:135,6,0,0
BRDA:135,6,1,0
BRDA:154,7,0,0
BRDA:154,7,1,0
BRDA:156,8,0,0
BRDA:156,8,1,0
BRDA:181,9,0,0
BRDA:181,9,1,0
BRDA:185,10,0,0
BRDA:185,10,1,0
BRDA:225,11,0,0
BRDA:225,11,1,0
BRDA:237,12,0,0
BRDA:237,12,1,0
BRDA:255,13,0,0
BRDA:255,13,1,0
BRDA:261,14,0,0
BRDA:261,14,1,0
BRDA:267,15,0,0
BRDA:267,15,1,0
BRF:32
BRH:0
end_of_record
TN:
SF:src\screens\Profile\index.tsx
FN:4,Profile
FN:23,(anonymous_1)
FNF:2
FNH:1
FNDA:3,Profile
FNDA:0,(anonymous_1)
DA:5,3
LF:1
LH:1
BRF:0
BRH:0
end_of_record
TN:
SF:src\screens\Register\index.tsx
FN:34,Register
FN:54,handleTransactionType
FN:55,(anonymous_2)
FN:58,handleOpenSelectCategoryModal
FN:62,handleCloseSelectCategory
FN:66,handleRegister
FN:110,(anonymous_6)
FN:136,(anonymous_7)
FN:142,(anonymous_8)
FN:162,(anonymous_9)
FNF:10
FNH:2
FNDA:2,Register
FNDA:0,handleTransactionType
FNDA:0,(anonymous_2)
FNDA:1,handleOpenSelectCategoryModal
FNDA:0,handleCloseSelectCategory
FNDA:0,handleRegister
FNDA:0,(anonymous_6)
FNDA:0,(anonymous_7)
FNDA:0,(anonymous_8)
FNDA:0,(anonymous_9)
DA:26,1
DA:35,2
DA:36,2
DA:37,2
DA:38,2
DA:40,2
DA:50,2
DA:55,0
DA:59,1
DA:63,0
DA:67,0
DA:69,0
DA:71,0
DA:80,0
DA:81,0
DA:84,0
DA:88,0
DA:90,0
DA:95,0
DA:96,0
DA:97,0
DA:102,0
DA:104,0
DA:105,0
DA:109,2
DA:110,0
DA:136,0
DA:142,0
DA:162,0
LF:29
LH:9
BRDA:55,0,0,0
BRDA:55,0,1,0
BRDA:67,1,0,0
BRDA:67,1,1,0
BRDA:69,2,0,0
BRDA:69,2,1,0
BRDA:84,3,0,0
BRDA:84,3,1,0
BRDA:122,4,0,2
BRDA:122,4,1,0
BRDA:129,5,0,2
BRDA:129,5,1,0
BRF:12
BRH:2
end_of_record
TN:
SF:src\screens\Resume\index.tsx
FN:38,Resume
FN:48,handleDateChange
FN:50,(anonymous_2)
FN:52,(anonymous_3)
FN:56,loadData
FN:67,(anonymous_5)
FN:73,(anonymous_6)
FN:79,(anonymous_7)
FN:82,(anonymous_8)
FN:112,(anonymous_9)
FN:135,(anonymous_10)
FN:141,(anonymous_11)
FN:149,(anonymous_12)
FN:150,(anonymous_13)
FN:155,(anonymous_14)
FNF:15
FNH:0
FNDA:0,Resume
FNDA:0,handleDateChange
FNDA:0,(anonymous_2)
FNDA:0,(anonymous_3)
FNDA:0,loadData
FNDA:0,(anonymous_5)
FNDA:0,(anonymous_6)
FNDA:0,(anonymous_7)
FNDA:0,(anonymous_8)
FNDA:0,(anonymous_9)
FNDA:0,(anonymous_10)
FNDA:0,(anonymous_11)
FNDA:0,(anonymous_12)
FNDA:0,(anonymous_13)
FNDA:0,(anonymous_14)
DA:39,0
DA:40,0
DA:41,0
DA:42,0
DA:43,0
DA:44,0
DA:49,0
DA:50,0
DA:52,0
DA:57,0
DA:59,0
DA:62,0
DA:66,0
DA:68,0
DA:73,0
DA:74,0
DA:77,0
DA:79,0
DA:80,0
DA:82,0
DA:83,0
DA:84,0
DA:88,0
DA:89,0
DA:94,0
DA:96,0
DA:107,0
DA:108,0
DA:111,0
DA:113,0
DA:117,0
DA:135,0
DA:141,0
DA:149,0
DA:150,0
DA:156,0
LF:36
LH:0
BRDA:49,0,0,0
BRDA:49,0,1,0
BRDA:62,1,0,0
BRDA:62,1,1,0
BRDA:68,2,0,0
BRDA:68,2,1,0
BRDA:68,2,2,0
BRDA:83,3,0,0
BRDA:83,3,1,0
BRDA:88,4,0,0
BRDA:88,4,1,0
BRDA:128,5,0,0
BRDA:128,5,1,0
BRDA:154,6,0,0
BRDA:154,6,1,0
BRF:15
BRH:0
end_of_record
TN:
SF:src\screens\SignIn\index.tsx
FN:13,SignIn
FN:16,handleSignInWithGoogle
FN:25,handleSignInWithApple
FNF:3
FNH:0
FNDA:0,SignIn
FNDA:0,handleSignInWithGoogle
FNDA:0,handleSignInWithApple
DA:14,0
DA:17,0
DA:18,0
DA:20,0
DA:21,0
DA:26,0
DA:27,0
DA:29,0
DA:30,0
DA:34,0
LF:10
LH:0
BRDA:58,0,0,0
BRDA:58,0,1,0
BRF:2
BRH:0
end_of_record
